<?xml version="1.0" encoding="UTF-8"?>
<!-- Generated by org.testng.reporters.JUnitReportReporter -->
<testsuite hostname="DESKTOP-39LFAIT" failures="0" tests="1" name="page.mouseover" time="5.331" errors="0" timestamp="2023-10-25T23:57:39 IST" skipped="0">
  <testcase classname="page.mouseover" name="test1" time="5.331"/>
</testsuite> <!-- page.mouseover -->
