<?xml version="1.0" encoding="UTF-8"?>
<!-- Generated by org.testng.reporters.JUnitReportReporter -->
<testsuite hostname="DESKTOP-39LFAIT" failures="0" tests="1" name="page.validd" time="0.166" errors="0" timestamp="2023-10-28T20:08:44 IST" skipped="0">
  <testcase classname="page.validd" name="linkout" time="0.166"/>
</testsuite> <!-- page.validd -->
