<?xml version="1.0" encoding="UTF-8"?>
<!-- Generated by org.testng.reporters.JUnitReportReporter -->
<testsuite hostname="DESKTOP-39LFAIT" failures="0" tests="1" name="page.screenshort" time="6.915" errors="0" timestamp="2023-10-27T20:59:37 IST" skipped="0">
  <testcase classname="page.screenshort" name="test1" time="6.915"/>
</testsuite> <!-- page.screenshort -->
