<?xml version="1.0" encoding="UTF-8"?>
<!-- Generated by org.testng.reporters.JUnitReportReporter -->
<testsuite hostname="DESKTOP-39LFAIT" failures="0" tests="1" name="Test.agenttest" time="4.152" errors="0" timestamp="2023-10-27T20:50:03 IST" skipped="0">
  <testcase classname="Test.agenttest" name="testlogin" time="4.152"/>
</testsuite> <!-- Test.agenttest -->
