<?xml version="1.0" encoding="UTF-8"?>
<!-- Generated by org.testng.reporters.JUnitReportReporter -->
<testsuite hostname="DESKTOP-39LFAIT" failures="0" tests="1" name="page.copy" time="4.340" errors="0" timestamp="2023-10-28T19:36:59 IST" skipped="0">
  <testcase classname="page.copy" name="test1" time="4.340"/>
</testsuite> <!-- page.copy -->
