<?xml version="1.0" encoding="UTF-8"?>
<!-- Generated by org.testng.reporters.JUnitReportReporter -->
<testsuite hostname="DESKTOP-39LFAIT" failures="0" tests="1" name="page.scroll" time="5.044" errors="0" timestamp="2023-10-26T18:38:23 IST" skipped="0">
  <testcase classname="page.scroll" name="test1" time="5.044"/>
</testsuite> <!-- page.scroll -->
