<?xml version="1.0" encoding="UTF-8"?>
<!-- Generated by org.testng.reporters.JUnitReportReporter -->
<testsuite hostname="DESKTOP-39LFAIT" failures="0" tests="1" name="page.linkchecking" time="7.612" errors="0" timestamp="2023-10-28T19:39:51 IST" skipped="0">
  <testcase classname="page.linkchecking" name="test" time="7.612"/>
</testsuite> <!-- page.linkchecking -->
